<?xml version="1.0" encoding="UTF-8"?>
<testsuite xmlns:xsi="http://www.w3.org/2001/XMLSchema-instance" xsi:noNamespaceSchemaLocation="https://maven.apache.org/surefire/maven-surefire-plugin/xsd/surefire-test-report-3.0.xsd" version="3.0" name="TestSuite" time="17.182" tests="3" errors="0" skipped="1" failures="2">
  <properties>
[...]
</properties>
  <testcase name="test01" classname="com.tests.Logintest" time="0.065">
    <failure message="expected [JavaBykiran | DashBoard] but found [JavaByKiran | Log in]" type="java.lang.AssertionError"><![CDATA[java.lang.AssertionError: expected [JavaBykiran | DashBoard] but found [JavaByKiran | Log in]
	at com.tests.Logintest.test01(Logintest.java:51)
]]></failure>
    <system-out><![CDATA[initializing browser
02-14-2022 17:59:08 BaseClass.java INFO  [main] BaseClass 34 - initializing browser
02-14-2022 17:59:08 PropertiesUtility.java INFO  [main] BaseClass 14 - reading a property file for a keybrowser
02-14-2022 17:59:12 PropertiesUtility.java INFO  [main] BaseClass 14 - reading a property file for a keyurl
]]></system-out>
    <system-err><![CDATA[Starting ChromeDriver 98.0.4758.80 (7f0488e8ba0d8e019187c6325a16c29d9b7f4989-refs/branch-heads/4758@{#972}) on port 14823
Only local connections are allowed.
Please see https://chromedriver.chromium.org/security-considerations for suggestions on keeping ChromeDriver safe.
ChromeDriver was started successfully.
Feb 14, 2022 5:59:12 PM org.openqa.selenium.remote.ProtocolHandshake createSession
INFO: Detected dialect: W3C
]]></system-err>
  </testcase>
  <testcase name="test02" classname="com.tests.Logintest" time="2.376">
    <failure message="expected [JavaByKiran | DashBoard] but found [JavaByKiran | Dashboard]" type="java.lang.AssertionError"><![CDATA[java.lang.AssertionError: expected [JavaByKiran | DashBoard] but found [JavaByKiran | Dashboard]
	at com.tests.Logintest.test02(Logintest.java:57)
]]></failure>
  </testcase>
  <testcase name="test03" classname="com.tests.Logintest" time="0">
    <skipped message="skipping a testcase"/>
  </testcase>
</testsuite>