<?xml version="1.0" encoding="UTF-8"?>
<!-- Generated by org.testng.reporters.JUnitXMLReporter -->
<testsuite hostname="vishal" ignored="0" name="Test" tests="3" failures="2" timestamp="14 Feb 2022 12:29:20 GMT" time="3.71" errors="0">
  <testcase name="test01" time="0.105" classname="com.tests.Logintest">
    <failure type="java.lang.AssertionError" message="expected [JavaBykiran | DashBoard] but found [JavaByKiran | Log in]">
      <![CDATA[java.lang.AssertionError: expected [JavaBykiran | DashBoard] but found [JavaByKiran | Log in]
at com.tests.Logintest.test01(Logintest.java:51)
... Removed 35 stack frames]]>
    </failure>
  </testcase> <!-- test01 -->
  <testcase name="test02" time="2.373" classname="com.tests.Logintest">
    <failure type="java.lang.AssertionError" message="expected [JavaByKiran | DashBoard] but found [JavaByKiran | Dashboard]">
      <![CDATA[java.lang.AssertionError: expected [JavaByKiran | DashBoard] but found [JavaByKiran | Dashboard]
at com.tests.Logintest.test02(Logintest.java:57)
... Removed 35 stack frames]]>
    </failure>
  </testcase> <!-- test02 -->
  <testcase name="test03" time="0.003" classname="com.tests.Logintest">
    <skipped/>
  </testcase> <!-- test03 -->
</testsuite> <!-- Test -->
