<?xml version="1.0" encoding="UTF-8"?>
<!-- Generated by org.testng.reporters.JUnitXMLReporter -->
<testsuite hostname="vishal" ignored="0" name="Test" tests="3" failures="2" timestamp="08 Feb 2022 12:30:16 GMT" time="2.817" errors="0">
  <testcase name="test01" time="0.137" classname="com.tests.Logintest">
    <failure type="java.lang.AssertionError" message="expected [JavaBykiran | Log in] but found [JavaByKiran | Log in]">
      <![CDATA[java.lang.AssertionError: expected [JavaBykiran | Log in] but found [JavaByKiran | Log in]
at com.tests.Logintest.test01(Logintest.java:51)
... Removed 31 stack frames]]>
    </failure>
  </testcase> <!-- test01 -->
  <testcase name="test02" time="1.221" classname="com.tests.Logintest">
    <failure type="java.lang.AssertionError" message="expected [JavaBykiran | Dashboard] but found [JavaByKiran | Log in]">
      <![CDATA[java.lang.AssertionError: expected [JavaBykiran | Dashboard] but found [JavaByKiran | Log in]
at com.tests.Logintest.test02(Logintest.java:57)
... Removed 31 stack frames]]>
    </failure>
  </testcase> <!-- test02 -->
  <testcase name="test03" time="0.024" classname="com.tests.Logintest">
    <skipped/>
  </testcase> <!-- test03 -->
</testsuite> <!-- Test -->
